<?xml version="1.0" encoding="UTF-8"?>
<testng-results ignored="0" total="1" passed="1" failed="0" skipped="0">
  <reporter-output>
  </reporter-output>
  <suite started-at="2024-02-25T12:46:45 IST" name="Default suite" finished-at="2024-02-25T12:48:34 IST" duration-ms="108614">
    <groups>
    </groups>
    <test started-at="2024-02-25T12:46:45 IST" name="Default test" finished-at="2024-02-25T12:48:34 IST" duration-ms="108614">
      <class name="Entrataa.propertymanagment">
        <test-method signature="mamagment()[pri:0, instance:Entrataa.propertymanagment@3e11f9e9]" started-at="2024-02-25T12:46:45 IST" name="mamagment" finished-at="2024-02-25T12:48:34 IST" duration-ms="108495" status="PASS">
          <reporter-output>
          </reporter-output>
        </test-method> <!-- mamagment -->
      </class> <!-- Entrataa.propertymanagment -->
    </test> <!-- Default test -->
  </suite> <!-- Default suite -->
</testng-results>
